-------------------------------------------------------------------------------
Test set: TestSuite
-------------------------------------------------------------------------------
Tests run: 2, Failures: 1, Errors: 0, Skipped: 0, Time elapsed: 17.913 s <<< FAILURE! - in TestSuite
com.changefinancial.TestCases.T_9_TestStressAPI.testStressAPI  Time elapsed: 4.693 s  <<< FAILURE!
java.lang.AssertionError: expected [STRESS.bat1] but found [STRESS.bat]
	at com.changefinancial.TestCases.T_9_TestStressAPI.testStressAPI(T_9_TestStressAPI.java:25)

