<?xml version="1.0" encoding="UTF-8"?>
<testsuite xmlns:xsi="http://www.w3.org/2001/XMLSchema-instance" xsi:noNamespaceSchemaLocation="https://maven.apache.org/surefire/maven-surefire-plugin/xsd/surefire-test-report.xsd" name="TestSuite" time="37.591" tests="2" errors="0" skipped="0" failures="0">
  <properties>
[...]
</properties>
  <testcase name="createDevice" classname="com.changefinancial.TestCases.T_2_CreateDevice" time="16.378"/>
  <testcase name="configDevice" classname="com.changefinancial.TestCases.T_3_ConfigDevice" time="18.657"/>
</testsuite>