<?xml version="1.0" encoding="UTF-8"?>
<testng-results total="1" passed="1" failed="0" skipped="0">
  <reporter-output>
  </reporter-output>
  <suite started-at="2021-08-24T02:50:00Z" name="Suite 1" finished-at="2021-08-24T02:50:09Z" duration-ms="8674">
    <groups>
    </groups>
    <test started-at="2021-08-24T02:50:00Z" name="TEST_1" finished-at="2021-08-24T02:50:09Z" duration-ms="8674">
      <class name="com.changefinancial.TestCases.APITest">
        <test-method is-config="true" signature="setup()[pri:0, instance:com.changefinancial.TestCases.APITest@6622a690]" started-at="2021-08-24T14:50:00Z" name="setup" finished-at="2021-08-24T14:50:02Z" duration-ms="1258" status="PASS">
          <reporter-output>
          </reporter-output>
        </test-method> <!-- setup -->
        <test-method signature="sendRegressionRequest()[pri:0, instance:com.changefinancial.TestCases.APITest@6622a690]" started-at="2021-08-24T14:50:02Z" name="sendRegressionRequest" finished-at="2021-08-24T14:50:09Z" duration-ms="7279" status="PASS">
          <reporter-output>
          </reporter-output>
        </test-method> <!-- sendRegressionRequest -->
        <test-method is-config="true" signature="afterTest()[pri:0, instance:com.changefinancial.TestCases.APITest@6622a690]" started-at="2021-08-24T14:50:09Z" name="afterTest" finished-at="2021-08-24T14:50:09Z" duration-ms="0" status="PASS">
          <reporter-output>
          </reporter-output>
        </test-method> <!-- afterTest -->
      </class> <!-- com.changefinancial.TestCases.APITest -->
    </test> <!-- TEST_1 -->
  </suite> <!-- Suite 1 -->
</testng-results>
